Krzysztof Zając, 279757
==== SVN EXPORT ====
A    list_one
A    list_one/FIFO_and_LIFO
A    list_one/cyclic_double_linked_list.py
A    list_one/cyclic_singly_linked_list
A    list_one/FIFO_and_LIFO/fifo.py
A    list_one/FIFO_and_LIFO/lifo.py
A    list_one/FIFO_and_LIFO/main.py
A    list_one/FIFO_and_LIFO/test.py
A    list_one/README.md
A    list_one/cyclic_double_linked_list.py/cyclic_double_linked_list.py
A    list_one/cyclic_double_linked_list.py/functions.py
A    list_one/cyclic_double_linked_list.py/main.py
A    list_one/cyclic_double_linked_list.py/test.py
A    list_one/cyclic_singly_linked_list/cyclic_singly_linked_list.py
A    list_one/cyclic_singly_linked_list/functions.py
A    list_one/cyclic_singly_linked_list/main.py
A    list_one/cyclic_singly_linked_list/test.py
Exported revision 1.
==== URUCHOMIENIE ====
FIFO - first in first out
Removed: 0
Removed: 1
Removed: 2
Removed: 3
Removed: 4
Removed: 5
Removed: 6
Removed: 7
Removed: 8
Removed: 9
Removed: 10
Removed: 11
Removed: 12
Removed: 13
Removed: 14
Removed: 15
Removed: 16
Removed: 17
Removed: 18
Removed: 19
Removed: 20
Removed: 21
Removed: 22
Removed: 23
Removed: 24
Removed: 25
Removed: 26
Removed: 27
Removed: 28
Removed: 29
Removed: 30
Removed: 31
Removed: 32
Removed: 33
Removed: 34
Removed: 35
Removed: 36
Removed: 37
Removed: 38
Removed: 39
Removed: 40
Removed: 41
Removed: 42
Removed: 43
Removed: 44
Removed: 45
Removed: 46
Removed: 47
Removed: 48
Removed: 49
LIFO - last in first out
Removed: 49
Removed: 48
Removed: 47
Removed: 46
Removed: 45
Removed: 44
Removed: 43
Removed: 42
Removed: 41
Removed: 40
Removed: 39
Removed: 38
Removed: 37
Removed: 36
Removed: 35
Removed: 34
Removed: 33
Removed: 32
Removed: 31
Removed: 30
Removed: 29
Removed: 28
Removed: 27
Removed: 26
Removed: 25
Removed: 24
Removed: 23
Removed: 22
Removed: 21
Removed: 20
Removed: 19
Removed: 18
Removed: 17
Removed: 16
Removed: 15
Removed: 14
Removed: 13
Removed: 12
Removed: 11
Removed: 10
Removed: 9
Removed: 8
Removed: 7
Removed: 6
Removed: 5
Removed: 4
Removed: 3
Removed: 2
Removed: 1
Removed: 0
50 -> 76 -> 25 -> 34 -> 43 -> 33 -> 21 -> 70 -> 55 -> 30 -> (cyclicly returns to: 50)
58 -> 43 -> 60 -> 49 -> 62 -> 53 -> 56 -> 82 -> 68 -> 72 -> (cyclicly returns to: 58)
50 -> 76 -> 25 -> 34 -> 43 -> 33 -> 21 -> 70 -> 55 -> 30 -> 58 -> 43 -> 60 -> 49 -> 62 -> 53 -> 56 -> 82 -> 68 -> 72 -> (cyclicly returns to: 50)
Average cost (found): 4858.726
Average cost (random): 9459.367
40 -> 15 -> 10 -> 27 -> 79 -> 21 -> 48 -> 40 -> 65 -> 91 -> (cyclicly returns to: 40)
34 -> 76 -> 37 -> 37 -> 28 -> 40 -> 22 -> 61 -> 19 -> 74 -> (cyclicly returns to: 34)
40 -> 15 -> 10 -> 27 -> 79 -> 21 -> 48 -> 40 -> 65 -> 91 -> 34 -> 76 -> 37 -> 37 -> 28 -> 40 -> 22 -> 61 -> 19 -> 74 -> (cyclicly returns to: 40)
Average cost (found): 4701.839
Average cost (random): 9544.62
==== KONIEC ====
